[2025-11-13 01:35:19] PROCESSED: msg_1762636444_6912 | FROM: build1 | SUBJECT: Hourly coordination requirement

[2025-11-13 01:35:20] PROCESSED: msg_20251113_0100_1234 | FROM: build1 | SUBJECT: Hello

[2025-11-13 01:35:21] PROCESSED: msg_1762996966_4544 | FROM: build2 | SUBJECT: CCC2025 Project - Builder2 Acknowledged

[2025-11-13 01:35:22] PROCESSED: msg_1762997231_4439 | FROM: build1 | SUBJECT: Initial Task

[2025-11-13 01:36:24] PROCESSED: msg_1762997761_1503 | FROM: build1 | SUBJECT: CCC2025 plan

[2025-11-13 01:57:41] PROCESSED: msg_1762999025_2823 | FROM: build2 | SUBJECT: Communication protocol active: SLAs, automation, and current focus

[2025-11-13 02:01:50] PROCESSED: msg_1762999308_2330 | FROM: build1 | SUBJECT: Comms Protocol

[2025-11-13 02:07:02] PROCESSED: msg_1762999588_7616 | FROM: build1 | SUBJECT: Task 1: Comms agreement

[2025-11-13 02:09:06] PROCESSED: msg_1762999728_7789 | FROM: build1 | SUBJECT: Task 2: message_status format

[2025-11-13 02:10:12] PROCESSED: msg_1762999786_4070 | FROM: build1 | SUBJECT: Task 2 follow-up

[2025-11-13 02:21:51] PROCESSED: msg_1763000446_8828 | FROM: architect | SUBJECT: sm command installed

[2025-11-13 02:22:52] PROCESSED: msg_1763000551_3515 | FROM: build1 | SUBJECT: Test

[2025-11-13 02:26:01] PROCESSED: msg_1763000698_7214 | FROM: architect | SUBJECT: sm verification test

[2025-11-13 02:27:03] PROCESSED: msg_1763000799_1471 | FROM: architect | SUBJECT: Message from architect

[2025-11-13 02:28:04] PROCESSED: msg_1763000842_8104 | FROM: architect | SUBJECT: Message from architect

[2025-11-13 02:30:14] PROCESSED: msg_1763000991_4625 | FROM: architect | SUBJECT: Message from architect

[2025-11-13 02:34:22] PROCESSED: msg_1763001245_6256 | FROM: architect | SUBJECT: Message from architect

[2025-11-13 02:36:24] PROCESSED: msg_1763001363_4858 | FROM: architect | SUBJECT: Message from architect

[2025-11-13 02:45:24] PROCESSED: msg_1763001478_4679 | FROM: architect | SUBJECT: Message from architect

[2025-11-13 02:59:10] PROCESSED: msg_1763001577_7924 | FROM: architect | SUBJECT: Message from architect

[2025-11-13 02:59:11] PROCESSED: msg_1763001588_348 | FROM: architect | SUBJECT: Message from architect

[2025-11-13 02:59:12] PROCESSED: msg_1763001674_1124 | FROM: architect | SUBJECT: SM Test

[2025-11-13 02:59:13] PROCESSED: msg_1763001707_6048 | FROM: architect | SUBJECT: Message from architect

[2025-11-13 02:59:14] PROCESSED: msg_1763001729_3712 | FROM: architect | SUBJECT: SM Enhancement Test

[2025-11-13 02:59:15] PROCESSED: msg_1763001744_8738 | FROM: architect | SUBJECT: Message from architect

[2025-11-13 02:59:16] PROCESSED: msg_1763001786_3341 | FROM: architect | SUBJECT: TASK: Install sm command on all servers

[2025-11-13 02:59:16] PROCESSED: msg_1763001904_4003 | FROM: build1 | SUBJECT: Enable 10s watcher

[2025-11-13 02:59:16] PROCESSED: msg_1763001987_4169 | FROM: architect | SUBJECT: UPDATE: JH01 is Windows - Use Windows install

[2025-11-13 02:59:16] PROCESSED: msg_1763002022_9329 | FROM: architect | SUBJECT: Message from architect

[2025-11-13 02:59:17] PROCESSED: msg_1763002172_8642 | FROM: architect | SUBJECT: Message from architect

[2025-11-13 02:59:18] PROCESSED: msg_1763002719_9306 | FROM: architect | SUBJECT: Code2 Ready - Awaiting Task

[2025-11-13 03:00:20] PROCESSED: msg_1763001786_3341 | FROM: architect | SUBJECT: TASK: Install sm command on all servers

[2025-11-13 03:00:20] PROCESSED: msg_1763001904_4003 | FROM: build1 | SUBJECT: Enable 10s watcher

[2025-11-13 03:00:20] PROCESSED: msg_1763001987_4169 | FROM: architect | SUBJECT: UPDATE: JH01 is Windows - Use Windows install

[2025-11-13 03:00:20] PROCESSED: msg_1763002779_766 | FROM: architect | SUBJECT: Message from architect

[2025-11-13 03:01:22] PROCESSED: msg_1763001786_3341 | FROM: architect | SUBJECT: TASK: Install sm command on all servers

[2025-11-13 03:01:22] PROCESSED: msg_1763001987_4169 | FROM: architect | SUBJECT: UPDATE: JH01 is Windows - Use Windows install

[2025-11-13 03:01:22] PROCESSED: msg_1763001904_4003 | FROM: build1 | SUBJECT: Enable 10s watcher

[2025-11-13 03:01:34] PROCESSED: msg_1763001786_3341 | FROM: architect | SUBJECT: TASK: Install sm command on all servers

[2025-11-13 03:01:37] PROCESSED: msg_1763001987_4169 | FROM: architect | SUBJECT: UPDATE: JH01 is Windows - Use Windows install

[2025-11-13 03:01:40] PROCESSED: msg_1763001904_4003 | FROM: build1 | SUBJECT: Enable 10s watcher

[2025-11-13 03:03:10] PROCESSED: msg_1763002989_959 | FROM: architect | SUBJECT: Monitor Update: 10s polling active

[2025-11-13 03:04:36] PROCESSED: msg_1763003070_1263 | FROM: architect | SUBJECT: Message from architect

[2025-11-13 03:06:05] PROCESSED: msg_1763003154_6355 | FROM: architect | SUBJECT: Test: Autonomous Response Check

[2025-11-13 03:09:50] PROCESSED: msg_1763003389_5025 | FROM: architect | SUBJECT: Code2: Major Reliability Upgrades Complete

[2025-11-13 03:13:38] PROCESSED: msg_1763003612_9694 | FROM: architect | SUBJECT: Coordination Test - Please Reply

[2025-11-13 03:13:52] PROCESSED: msg_1763003612_9694 | FROM: architect | SUBJECT: Coordination Test - Please Reply

[2025-11-13 03:14:06] PROCESSED: msg_1763003612_9694 | FROM: architect | SUBJECT: Coordination Test - Please Reply

[2025-11-13 03:14:09] PROCESSED: msg_1763003642_5492 | FROM: build1 | SUBJECT: TEST-REPLY Build1 status

[2025-11-13 03:14:24] PROCESSED: msg_1763003612_9694 | FROM: architect | SUBJECT: Coordination Test - Please Reply

[2025-11-13 03:14:40] PROCESSED: msg_1763003612_9694 | FROM: architect | SUBJECT: Coordination Test - Please Reply

[2025-11-13 03:14:43] PROCESSED: msg_1763003666_9628 | FROM: build1 | SUBJECT: Reliability Test #2

[2025-11-13 03:14:57] PROCESSED: msg_1763003612_9694 | FROM: architect | SUBJECT: Coordination Test - Please Reply

[2025-11-13 03:15:00] PROCESSED: msg_1763003666_9628 | FROM: build1 | SUBJECT: Reliability Test #2

[2025-11-13 03:15:13] PROCESSED: msg_1763003612_9694 | FROM: architect | SUBJECT: Coordination Test - Please Reply

[2025-11-13 03:15:16] PROCESSED: msg_1763003666_9628 | FROM: build1 | SUBJECT: Reliability Test #2

[2025-11-13 03:15:30] PROCESSED: msg_1763003612_9694 | FROM: architect | SUBJECT: Coordination Test - Please Reply

[2025-11-13 03:15:33] PROCESSED: msg_1763003666_9628 | FROM: build1 | SUBJECT: Reliability Test #2

[2025-11-13 03:15:47] PROCESSED: msg_1763003612_9694 | FROM: architect | SUBJECT: Coordination Test - Please Reply

[2025-11-13 03:15:50] PROCESSED: msg_1763003666_9628 | FROM: build1 | SUBJECT: Reliability Test #2

[2025-11-13 03:16:03] PROCESSED: msg_1763003612_9694 | FROM: architect | SUBJECT: Coordination Test - Please Reply

[2025-11-13 03:16:06] PROCESSED: msg_1763003666_9628 | FROM: build1 | SUBJECT: Reliability Test #2

[2025-11-13 03:16:20] PROCESSED: msg_1763003612_9694 | FROM: architect | SUBJECT: Coordination Test - Please Reply

[2025-11-13 03:16:23] PROCESSED: msg_1763003666_9628 | FROM: build1 | SUBJECT: Reliability Test #2

[2025-11-13 03:16:36] PROCESSED: msg_1763003612_9694 | FROM: architect | SUBJECT: Coordination Test - Please Reply

[2025-11-13 03:16:39] PROCESSED: msg_1763003666_9628 | FROM: build1 | SUBJECT: Reliability Test #2

[2025-11-13 03:16:53] PROCESSED: msg_1763003612_9694 | FROM: architect | SUBJECT: Coordination Test - Please Reply

[2025-11-13 03:16:56] PROCESSED: msg_1763003666_9628 | FROM: build1 | SUBJECT: Reliability Test #2

[2025-11-13 03:17:10] PROCESSED: msg_1763003612_9694 | FROM: architect | SUBJECT: Coordination Test - Please Reply

[2025-11-13 03:17:13] PROCESSED: msg_1763003666_9628 | FROM: build1 | SUBJECT: Reliability Test #2

[2025-11-13 03:17:26] PROCESSED: msg_1763003612_9694 | FROM: architect | SUBJECT: Coordination Test - Please Reply

[2025-11-13 03:17:29] PROCESSED: msg_1763003666_9628 | FROM: build1 | SUBJECT: Reliability Test #2

[2025-11-13 03:17:43] PROCESSED: msg_1763003612_9694 | FROM: architect | SUBJECT: Coordination Test - Please Reply

[2025-11-13 03:17:46] PROCESSED: msg_1763003666_9628 | FROM: build1 | SUBJECT: Reliability Test #2

[2025-11-13 03:17:59] PROCESSED: msg_1763003612_9694 | FROM: architect | SUBJECT: Coordination Test - Please Reply

[2025-11-13 03:18:02] PROCESSED: msg_1763003666_9628 | FROM: build1 | SUBJECT: Reliability Test #2

[2025-11-13 03:18:16] PROCESSED: msg_1763003612_9694 | FROM: architect | SUBJECT: Coordination Test - Please Reply

[2025-11-13 03:18:19] PROCESSED: msg_1763003666_9628 | FROM: build1 | SUBJECT: Reliability Test #2

[2025-11-13 03:18:33] PROCESSED: msg_1763003612_9694 | FROM: architect | SUBJECT: Coordination Test - Please Reply

[2025-11-13 03:18:36] PROCESSED: msg_1763003666_9628 | FROM: build1 | SUBJECT: Reliability Test #2

[2025-11-13 03:18:49] PROCESSED: msg_1763003612_9694 | FROM: architect | SUBJECT: Coordination Test - Please Reply

[2025-11-13 03:18:52] PROCESSED: msg_1763003666_9628 | FROM: build1 | SUBJECT: Reliability Test #2

[2025-11-13 03:19:06] PROCESSED: msg_1763003612_9694 | FROM: architect | SUBJECT: Coordination Test - Please Reply

[2025-11-13 03:19:09] PROCESSED: msg_1763003666_9628 | FROM: build1 | SUBJECT: Reliability Test #2

[2025-11-13 03:19:22] PROCESSED: msg_1763003612_9694 | FROM: architect | SUBJECT: Coordination Test - Please Reply

[2025-11-13 03:19:25] PROCESSED: msg_1763003666_9628 | FROM: build1 | SUBJECT: Reliability Test #2

[2025-11-13 03:19:39] PROCESSED: msg_1763003612_9694 | FROM: architect | SUBJECT: Coordination Test - Please Reply

[2025-11-13 03:19:42] PROCESSED: msg_1763003666_9628 | FROM: build1 | SUBJECT: Reliability Test #2

[2025-11-13 03:19:55] PROCESSED: msg_1763003612_9694 | FROM: architect | SUBJECT: Coordination Test - Please Reply

[2025-11-13 03:19:58] PROCESSED: msg_1763003666_9628 | FROM: build1 | SUBJECT: Reliability Test #2

[2025-11-13 03:20:12] PROCESSED: msg_1763003612_9694 | FROM: architect | SUBJECT: Coordination Test - Please Reply

[2025-11-13 03:20:15] PROCESSED: msg_1763003666_9628 | FROM: build1 | SUBJECT: Reliability Test #2

[2025-11-13 03:20:28] PROCESSED: msg_1763003612_9694 | FROM: architect | SUBJECT: Coordination Test - Please Reply

[2025-11-13 03:20:31] PROCESSED: msg_1763003666_9628 | FROM: build1 | SUBJECT: Reliability Test #2

[2025-11-13 03:20:45] PROCESSED: msg_1763003612_9694 | FROM: architect | SUBJECT: Coordination Test - Please Reply

[2025-11-13 03:20:48] PROCESSED: msg_1763003666_9628 | FROM: build1 | SUBJECT: Reliability Test #2

[2025-11-13 03:21:02] PROCESSED: msg_1763003612_9694 | FROM: architect | SUBJECT: Coordination Test - Please Reply

[2025-11-13 03:21:06] PROCESSED: msg_1763003666_9628 | FROM: build1 | SUBJECT: Reliability Test #2

[2025-11-13 03:21:19] PROCESSED: msg_1763003612_9694 | FROM: architect | SUBJECT: Coordination Test - Please Reply

[2025-11-13 03:21:23] PROCESSED: msg_1763003666_9628 | FROM: build1 | SUBJECT: Reliability Test #2

[2025-11-13 03:21:37] PROCESSED: msg_1763003612_9694 | FROM: architect | SUBJECT: Coordination Test - Please Reply

[2025-11-13 03:21:40] PROCESSED: msg_1763003666_9628 | FROM: build1 | SUBJECT: Reliability Test #2

[2025-11-13 03:21:54] PROCESSED: msg_1763003612_9694 | FROM: architect | SUBJECT: Coordination Test - Please Reply

[2025-11-13 03:21:57] PROCESSED: msg_1763003666_9628 | FROM: build1 | SUBJECT: Reliability Test #2

[2025-11-13 03:22:11] PROCESSED: msg_1763003612_9694 | FROM: architect | SUBJECT: Coordination Test - Please Reply

[2025-11-13 03:22:14] PROCESSED: msg_1763003666_9628 | FROM: build1 | SUBJECT: Reliability Test #2

[2025-11-13 03:22:28] PROCESSED: msg_1763003612_9694 | FROM: architect | SUBJECT: Coordination Test - Please Reply

[2025-11-13 03:22:31] PROCESSED: msg_1763003666_9628 | FROM: build1 | SUBJECT: Reliability Test #2

[2025-11-13 03:22:44] PROCESSED: msg_1763003612_9694 | FROM: architect | SUBJECT: Coordination Test - Please Reply

[2025-11-13 03:22:47] PROCESSED: msg_1763003666_9628 | FROM: build1 | SUBJECT: Reliability Test #2

[2025-11-13 03:23:01] PROCESSED: msg_1763003612_9694 | FROM: architect | SUBJECT: Coordination Test - Please Reply

[2025-11-13 03:23:04] PROCESSED: msg_1763003666_9628 | FROM: build1 | SUBJECT: Reliability Test #2

[2025-11-13 03:23:17] PROCESSED: msg_1763003612_9694 | FROM: architect | SUBJECT: Coordination Test - Please Reply

[2025-11-13 03:23:20] PROCESSED: msg_1763003666_9628 | FROM: build1 | SUBJECT: Reliability Test #2

[2025-11-13 03:23:34] PROCESSED: msg_1763003612_9694 | FROM: architect | SUBJECT: Coordination Test - Please Reply

[2025-11-13 03:23:38] PROCESSED: msg_1763003666_9628 | FROM: build1 | SUBJECT: Reliability Test #2

[2025-11-13 03:23:52] PROCESSED: msg_1763003612_9694 | FROM: architect | SUBJECT: Coordination Test - Please Reply

[2025-11-13 03:23:55] PROCESSED: msg_1763003666_9628 | FROM: build1 | SUBJECT: Reliability Test #2

[2025-11-13 03:24:08] PROCESSED: msg_1763003612_9694 | FROM: architect | SUBJECT: Coordination Test - Please Reply

[2025-11-13 03:24:12] PROCESSED: msg_1763003666_9628 | FROM: build1 | SUBJECT: Reliability Test #2

[2025-11-13 03:24:25] PROCESSED: msg_1763003612_9694 | FROM: architect | SUBJECT: Coordination Test - Please Reply

[2025-11-13 03:24:28] PROCESSED: msg_1763003666_9628 | FROM: build1 | SUBJECT: Reliability Test #2

[2025-11-13 03:24:42] PROCESSED: msg_1763003612_9694 | FROM: architect | SUBJECT: Coordination Test - Please Reply

[2025-11-13 03:24:45] PROCESSED: msg_1763003666_9628 | FROM: build1 | SUBJECT: Reliability Test #2

[2025-11-13 03:24:58] PROCESSED: msg_1763003612_9694 | FROM: architect | SUBJECT: Coordination Test - Please Reply

[2025-11-13 03:25:02] PROCESSED: msg_1763003666_9628 | FROM: build1 | SUBJECT: Reliability Test #2

[2025-11-13 03:25:15] PROCESSED: msg_1763003612_9694 | FROM: architect | SUBJECT: Coordination Test - Please Reply

[2025-11-13 03:25:19] PROCESSED: msg_1763003666_9628 | FROM: build1 | SUBJECT: Reliability Test #2

[2025-11-13 03:25:32] PROCESSED: msg_1763003612_9694 | FROM: architect | SUBJECT: Coordination Test - Please Reply

[2025-11-13 03:25:35] PROCESSED: msg_1763003666_9628 | FROM: build1 | SUBJECT: Reliability Test #2

[2025-11-13 03:25:49] PROCESSED: msg_1763003612_9694 | FROM: architect | SUBJECT: Coordination Test - Please Reply

[2025-11-13 03:25:52] PROCESSED: msg_1763003666_9628 | FROM: build1 | SUBJECT: Reliability Test #2

[2025-11-13 03:26:06] PROCESSED: msg_1763003612_9694 | FROM: architect | SUBJECT: Coordination Test - Please Reply

[2025-11-13 03:26:09] PROCESSED: msg_1763003666_9628 | FROM: build1 | SUBJECT: Reliability Test #2

[2025-11-13 03:26:23] PROCESSED: msg_1763003612_9694 | FROM: architect | SUBJECT: Coordination Test - Please Reply

[2025-11-13 03:26:26] PROCESSED: msg_1763003666_9628 | FROM: build1 | SUBJECT: Reliability Test #2

[2025-11-13 03:26:39] PROCESSED: msg_1763003612_9694 | FROM: architect | SUBJECT: Coordination Test - Please Reply

[2025-11-13 03:26:42] PROCESSED: msg_1763003666_9628 | FROM: build1 | SUBJECT: Reliability Test #2

[2025-11-13 03:26:56] PROCESSED: msg_1763003612_9694 | FROM: architect | SUBJECT: Coordination Test - Please Reply

[2025-11-13 03:26:59] PROCESSED: msg_1763003666_9628 | FROM: build1 | SUBJECT: Reliability Test #2

[2025-11-13 03:27:12] PROCESSED: msg_1763003612_9694 | FROM: architect | SUBJECT: Coordination Test - Please Reply

[2025-11-13 03:27:15] PROCESSED: msg_1763003666_9628 | FROM: build1 | SUBJECT: Reliability Test #2

[2025-11-13 03:27:29] PROCESSED: msg_1763003612_9694 | FROM: architect | SUBJECT: Coordination Test - Please Reply

[2025-11-13 03:27:32] PROCESSED: msg_1763003666_9628 | FROM: build1 | SUBJECT: Reliability Test #2

[2025-11-13 03:27:45] PROCESSED: msg_1763003612_9694 | FROM: architect | SUBJECT: Coordination Test - Please Reply

[2025-11-13 03:27:48] PROCESSED: msg_1763003666_9628 | FROM: build1 | SUBJECT: Reliability Test #2

[2025-11-13 03:28:02] PROCESSED: msg_1763003612_9694 | FROM: architect | SUBJECT: Coordination Test - Please Reply

[2025-11-13 03:28:05] PROCESSED: msg_1763003666_9628 | FROM: build1 | SUBJECT: Reliability Test #2

[2025-11-13 03:28:19] PROCESSED: msg_1763003612_9694 | FROM: architect | SUBJECT: Coordination Test - Please Reply

[2025-11-13 03:28:22] PROCESSED: msg_1763003666_9628 | FROM: build1 | SUBJECT: Reliability Test #2

[2025-11-13 03:28:35] PROCESSED: msg_1763003612_9694 | FROM: architect | SUBJECT: Coordination Test - Please Reply

[2025-11-13 03:28:38] PROCESSED: msg_1763003666_9628 | FROM: build1 | SUBJECT: Reliability Test #2

[2025-11-13 03:28:52] PROCESSED: msg_1763003612_9694 | FROM: architect | SUBJECT: Coordination Test - Please Reply

[2025-11-13 03:28:55] PROCESSED: msg_1763003666_9628 | FROM: build1 | SUBJECT: Reliability Test #2

[2025-11-13 03:29:09] PROCESSED: msg_1763003612_9694 | FROM: architect | SUBJECT: Coordination Test - Please Reply

[2025-11-13 03:29:12] PROCESSED: msg_1763003666_9628 | FROM: build1 | SUBJECT: Reliability Test #2

[2025-11-13 03:29:25] PROCESSED: msg_1763003612_9694 | FROM: architect | SUBJECT: Coordination Test - Please Reply

[2025-11-13 03:29:29] PROCESSED: msg_1763003666_9628 | FROM: build1 | SUBJECT: Reliability Test #2

[2025-11-13 03:29:42] PROCESSED: msg_1763003612_9694 | FROM: architect | SUBJECT: Coordination Test - Please Reply

[2025-11-13 03:29:45] PROCESSED: msg_1763003666_9628 | FROM: build1 | SUBJECT: Reliability Test #2

[2025-11-13 03:29:59] PROCESSED: msg_1763003612_9694 | FROM: architect | SUBJECT: Coordination Test - Please Reply

[2025-11-13 03:30:02] PROCESSED: msg_1763003666_9628 | FROM: build1 | SUBJECT: Reliability Test #2

[2025-11-13 03:31:05] PROCESSED: msg_1763003612_9694 | FROM: architect | SUBJECT: Coordination Test - Please Reply

[2025-11-13 03:31:09] PROCESSED: msg_1763003666_9628 | FROM: build1 | SUBJECT: Reliability Test #2

[2025-11-13 03:31:22] PROCESSED: msg_1763003612_9694 | FROM: architect | SUBJECT: Coordination Test - Please Reply

[2025-11-13 03:31:25] PROCESSED: msg_1763003666_9628 | FROM: build1 | SUBJECT: Reliability Test #2

[2025-11-13 03:31:39] PROCESSED: msg_1763003612_9694 | FROM: architect | SUBJECT: Coordination Test - Please Reply

[2025-11-13 03:31:42] PROCESSED: msg_1763003666_9628 | FROM: build1 | SUBJECT: Reliability Test #2

[2025-11-13 03:31:56] PROCESSED: msg_1763003612_9694 | FROM: architect | SUBJECT: Coordination Test - Please Reply

[2025-11-13 03:31:59] PROCESSED: msg_1763003666_9628 | FROM: build1 | SUBJECT: Reliability Test #2

[2025-11-13 03:32:13] PROCESSED: msg_1763003612_9694 | FROM: architect | SUBJECT: Coordination Test - Please Reply

[2025-11-13 03:32:16] PROCESSED: msg_1763003666_9628 | FROM: build1 | SUBJECT: Reliability Test #2

[2025-11-13 03:32:30] PROCESSED: msg_1763003612_9694 | FROM: architect | SUBJECT: Coordination Test - Please Reply

[2025-11-13 03:32:33] PROCESSED: msg_1763003666_9628 | FROM: build1 | SUBJECT: Reliability Test #2

[2025-11-13 03:32:47] PROCESSED: msg_1763003612_9694 | FROM: architect | SUBJECT: Coordination Test - Please Reply

[2025-11-13 03:32:50] PROCESSED: msg_1763003666_9628 | FROM: build1 | SUBJECT: Reliability Test #2

[2025-11-13 03:33:03] PROCESSED: msg_1763003612_9694 | FROM: architect | SUBJECT: Coordination Test - Please Reply

[2025-11-13 03:33:04] PROCESSED: msg_1763003666_9628 | FROM: build1 | SUBJECT: Reliability Test #2

[2025-11-13 03:33:18] PROCESSED: msg_1763003612_9694 | FROM: architect | SUBJECT: Coordination Test - Please Reply

[2025-11-13 03:33:21] PROCESSED: msg_1763003666_9628 | FROM: build1 | SUBJECT: Reliability Test #2

[2025-11-13 03:33:35] PROCESSED: msg_1763003612_9694 | FROM: architect | SUBJECT: Coordination Test - Please Reply

[2025-11-13 03:33:38] PROCESSED: msg_1763003666_9628 | FROM: build1 | SUBJECT: Reliability Test #2

[2025-11-13 03:33:52] PROCESSED: msg_1763003612_9694 | FROM: architect | SUBJECT: Coordination Test - Please Reply

[2025-11-13 03:33:55] PROCESSED: msg_1763003666_9628 | FROM: build1 | SUBJECT: Reliability Test #2

[2025-11-13 03:34:08] PROCESSED: msg_1763003612_9694 | FROM: architect | SUBJECT: Coordination Test - Please Reply

[2025-11-13 03:34:12] PROCESSED: msg_1763003666_9628 | FROM: build1 | SUBJECT: Reliability Test #2

[2025-11-13 03:44:00] PROCESSED: msg_1763003612_9694 | FROM: architect | SUBJECT: Coordination Test - Please Reply

[2025-11-13 03:44:03] PROCESSED: msg_1763003666_9628 | FROM: build1 | SUBJECT: Reliability Test #2

[2025-11-13 03:44:06] PROCESSED: msg_1763005403_384 | FROM: architect | SUBJECT: Python System Test

[2025-11-13 03:44:07] PROCESSED: msg_1763005414_388 | FROM: architect | SUBJECT: Python System Deployed

