{"metadata":{"attempt":1,"durationMs":537.5774},"message":"Git pull succeeded","timestamp":"2025-11-13T03:35:42.7237698Z","server":"code2","level":"INFO"}
{"metadata":{"attempt":1,"durationMs":540.651},"message":"Git pull succeeded","timestamp":"2025-11-13T03:36:01.0230987Z","server":"code2","level":"INFO"}
{"metadata":{"durationMs":525.8294,"attempt":1},"server":"code2","level":"INFO","timestamp":"2025-11-13T03:36:16.5101295Z","message":"Git pull succeeded"}
{"metadata":{"attempt":1,"durationMs":794.4689},"message":"Git pull succeeded","timestamp":"2025-11-13T03:36:18.7483510Z","server":"code2","level":"INFO"}
{"metadata":{"durationMs":725.0813,"attempt":1},"server":"code2","level":"INFO","timestamp":"2025-11-13T03:36:35.6509647Z","message":"Git pull succeeded"}
{"metadata":{"attempt":1,"durationMs":702.0497},"message":"Git pull succeeded","timestamp":"2025-11-13T03:36:35.6807363Z","server":"code2","level":"INFO"}
{"metadata":{"attempt":1,"durationMs":512.4834},"message":"Git pull succeeded","timestamp":"2025-11-13T03:36:52.3008517Z","server":"code2","level":"INFO"}
{"metadata":{"durationMs":504.2212,"attempt":1},"server":"code2","level":"INFO","timestamp":"2025-11-13T03:36:53.7568827Z","message":"Git pull succeeded"}
{"timestamp":"2025-11-13T03:37:44.3831590Z","level":"INFO","metadata":{"attempt":1,"durationMs":514.6238},"server":"code2","message":"Git pull succeeded"}
{"timestamp":"2025-11-13T03:38:02.5934030Z","level":"INFO","metadata":{"attempt":1,"durationMs":541.1769},"server":"code2","message":"Git pull succeeded"}
{"timestamp":"2025-11-13T03:38:25.9920913Z","level":"INFO","metadata":{"attempt":1,"durationMs":555.8424},"server":"code2","message":"Git pull succeeded"}
{"timestamp":"2025-11-13T03:38:55.5464804Z","level":"INFO","metadata":{"attempt":1,"durationMs":538.3018},"server":"code2","message":"Git pull succeeded"}
{"timestamp":"2025-11-13T03:39:29.1335881Z","level":"INFO","metadata":{"attempt":1,"durationMs":544.2144},"server":"code2","message":"Git pull succeeded"}
{"timestamp":"2025-11-13T03:40:14.5307679Z","level":"INFO","metadata":{"attempt":1,"durationMs":708.0599},"server":"code2","message":"Git pull succeeded"}
{"timestamp":"2025-11-13T03:41:05.2349513Z","level":"INFO","metadata":{"attempt":1,"durationMs":545.4699},"server":"code2","message":"Git pull succeeded"}
{"timestamp":"2025-11-13T03:42:03.1590371Z","level":"INFO","metadata":{"attempt":1,"durationMs":773.2056},"server":"code2","message":"Git pull succeeded"}
{"timestamp":"2025-11-13T03:43:06.7920110Z","level":"INFO","metadata":{"attempt":1,"durationMs":525.6213},"server":"code2","message":"Git pull succeeded"}
{"timestamp":"2025-11-13T03:44:19.8602577Z","level":"INFO","metadata":{"attempt":1,"durationMs":530.4005},"server":"code2","message":"Git pull succeeded"}
{"timestamp": "2025-11-13T03:44:32.225471Z", "level": "INFO", "message": "Git pull succeeded", "server": "code2", "metadata": {"attempt": 1, "duration_ms": 515.9814357757568}}
{"timestamp": "2025-11-13T03:44:32.249729Z", "level": "ERROR", "message": "Error processing message msg_1763003666_9628", "server": "code2", "metadata": {"error": "'charmap' codec can't encode character '\\u2192' in position 0: character maps to <undefined>"}}
{"timestamp": "2025-11-13T03:44:32.249981Z", "level": "ERROR", "message": "Error processing message msg_1763003612_9694", "server": "code2", "metadata": {"error": "'charmap' codec can't encode character '\\u2192' in position 0: character maps to <undefined>"}}
{"timestamp": "2025-11-13T03:44:32.250175Z", "level": "ERROR", "message": "Error processing message msg_1763005457_399", "server": "code2", "metadata": {"error": "'charmap' codec can't encode character '\\u2705' in position 159: character maps to <undefined>"}}
{"timestamp": "2025-11-13T03:44:42.777140Z", "level": "INFO", "message": "Git pull succeeded", "server": "code2", "metadata": {"attempt": 1, "duration_ms": 521.6302871704102}}
{"timestamp": "2025-11-13T03:44:42.791136Z", "level": "ERROR", "message": "Error processing message msg_1763003666_9628", "server": "code2", "metadata": {"error": "'charmap' codec can't encode character '\\u2192' in position 0: character maps to <undefined>"}}
{"timestamp": "2025-11-13T03:44:42.791392Z", "level": "ERROR", "message": "Error processing message msg_1763003612_9694", "server": "code2", "metadata": {"error": "'charmap' codec can't encode character '\\u2192' in position 0: character maps to <undefined>"}}
{"timestamp": "2025-11-13T03:44:42.791571Z", "level": "ERROR", "message": "Error processing message msg_1763005457_399", "server": "code2", "metadata": {"error": "'charmap' codec can't encode character '\\u2705' in position 159: character maps to <undefined>"}}
{"timestamp": "2025-11-13T03:44:53.343200Z", "level": "INFO", "message": "Git pull succeeded", "server": "code2", "metadata": {"attempt": 1, "duration_ms": 547.2829341888428}}
{"timestamp": "2025-11-13T03:44:53.359238Z", "level": "ERROR", "message": "Error processing message msg_1763003666_9628", "server": "code2", "metadata": {"error": "'charmap' codec can't encode character '\\u2192' in position 0: character maps to <undefined>"}}
{"timestamp": "2025-11-13T03:44:53.359526Z", "level": "ERROR", "message": "Error processing message msg_1763003612_9694", "server": "code2", "metadata": {"error": "'charmap' codec can't encode character '\\u2192' in position 0: character maps to <undefined>"}}
{"timestamp": "2025-11-13T03:44:53.359873Z", "level": "ERROR", "message": "Error processing message msg_1763005457_399", "server": "code2", "metadata": {"error": "'charmap' codec can't encode character '\\u2705' in position 159: character maps to <undefined>"}}
{"timestamp": "2025-11-13T03:45:03.903136Z", "level": "INFO", "message": "Git pull succeeded", "server": "code2", "metadata": {"attempt": 1, "duration_ms": 529.590368270874}}
{"timestamp": "2025-11-13T03:45:03.918485Z", "level": "ERROR", "message": "Error processing message msg_1763003666_9628", "server": "code2", "metadata": {"error": "'charmap' codec can't encode character '\\u2192' in position 0: character maps to <undefined>"}}
{"timestamp": "2025-11-13T03:45:03.918704Z", "level": "ERROR", "message": "Error processing message msg_1763003612_9694", "server": "code2", "metadata": {"error": "'charmap' codec can't encode character '\\u2192' in position 0: character maps to <undefined>"}}
{"timestamp": "2025-11-13T03:45:03.918952Z", "level": "ERROR", "message": "Error processing message msg_1763005457_399", "server": "code2", "metadata": {"error": "'charmap' codec can't encode character '\\u2705' in position 159: character maps to <undefined>"}}
{"timestamp": "2025-11-13T03:45:14.438606Z", "level": "INFO", "message": "Git pull succeeded", "server": "code2", "metadata": {"attempt": 1, "duration_ms": 515.0141716003418}}
{"timestamp": "2025-11-13T03:45:14.453115Z", "level": "ERROR", "message": "Error processing message msg_1763003666_9628", "server": "code2", "metadata": {"error": "'charmap' codec can't encode character '\\u2192' in position 0: character maps to <undefined>"}}
{"timestamp": "2025-11-13T03:45:14.453449Z", "level": "ERROR", "message": "Error processing message msg_1763003612_9694", "server": "code2", "metadata": {"error": "'charmap' codec can't encode character '\\u2192' in position 0: character maps to <undefined>"}}
{"timestamp": "2025-11-13T03:45:14.453625Z", "level": "ERROR", "message": "Error processing message msg_1763005457_399", "server": "code2", "metadata": {"error": "'charmap' codec can't encode character '\\u2705' in position 159: character maps to <undefined>"}}
{"timestamp": "2025-11-13T03:45:17.934188Z", "level": "INFO", "message": "Git pull succeeded", "server": "code2", "metadata": {"attempt": 1, "duration_ms": 542.6928997039795}}
{"timestamp": "2025-11-13T03:45:20.123142Z", "level": "INFO", "message": "Auto-response sent", "server": "code2", "metadata": {"to": "build1", "subject": "Re: Reliability Test #2", "duration_ms": 2171.2255477905273, "verified": true}}
{"timestamp": "2025-11-13T03:45:22.416752Z", "level": "INFO", "message": "Auto-response sent", "server": "code2", "metadata": {"to": "architect", "subject": "Re: Coordination Test - Please Reply", "duration_ms": 2279.9699306488037, "verified": true}}
{"timestamp": "2025-11-13T03:45:24.979740Z", "level": "INFO", "message": "Git pull succeeded", "server": "code2", "metadata": {"attempt": 1, "duration_ms": 521.7125415802002}}
{"timestamp": "2025-11-13T03:45:25.004999Z", "level": "ERROR", "message": "Error processing message msg_1763003666_9628", "server": "code2", "metadata": {"error": "'charmap' codec can't encode character '\\u2192' in position 0: character maps to <undefined>"}}
{"timestamp": "2025-11-13T03:45:25.005430Z", "level": "ERROR", "message": "Error processing message msg_1763003612_9694", "server": "code2", "metadata": {"error": "'charmap' codec can't encode character '\\u2192' in position 0: character maps to <undefined>"}}
{"timestamp": "2025-11-13T03:45:34.100093Z", "level": "INFO", "message": "Git pull succeeded", "server": "code2", "metadata": {"attempt": 1, "duration_ms": 533.360481262207}}
{"timestamp": "2025-11-13T03:45:35.533969Z", "level": "INFO", "message": "Git pull succeeded", "server": "code2", "metadata": {"attempt": 1, "duration_ms": 524.0962505340576}}
{"timestamp": "2025-11-13T03:45:35.546829Z", "level": "ERROR", "message": "Error processing message msg_1763003666_9628", "server": "code2", "metadata": {"error": "'charmap' codec can't encode character '\\u2192' in position 0: character maps to <undefined>"}}
{"timestamp": "2025-11-13T03:45:35.547037Z", "level": "ERROR", "message": "Error processing message msg_1763003612_9694", "server": "code2", "metadata": {"error": "'charmap' codec can't encode character '\\u2192' in position 0: character maps to <undefined>"}}
{"timestamp": "2025-11-13T03:45:46.062443Z", "level": "INFO", "message": "Git pull succeeded", "server": "code2", "metadata": {"attempt": 1, "duration_ms": 511.17825508117676}}
{"timestamp": "2025-11-13T03:45:46.076393Z", "level": "ERROR", "message": "Error processing message msg_1763003666_9628", "server": "code2", "metadata": {"error": "'charmap' codec can't encode character '\\u2192' in position 0: character maps to <undefined>"}}
{"timestamp": "2025-11-13T03:45:46.076604Z", "level": "ERROR", "message": "Error processing message msg_1763003612_9694", "server": "code2", "metadata": {"error": "'charmap' codec can't encode character '\\u2192' in position 0: character maps to <undefined>"}}
{"timestamp": "2025-11-13T03:45:56.627611Z", "level": "INFO", "message": "Git pull succeeded", "server": "code2", "metadata": {"attempt": 1, "duration_ms": 531.0487747192383}}
{"timestamp": "2025-11-13T03:45:56.642593Z", "level": "ERROR", "message": "Error processing message msg_1763003666_9628", "server": "code2", "metadata": {"error": "'charmap' codec can't encode character '\\u2192' in position 0: character maps to <undefined>"}}
{"timestamp": "2025-11-13T03:45:56.642840Z", "level": "ERROR", "message": "Error processing message msg_1763003612_9694", "server": "code2", "metadata": {"error": "'charmap' codec can't encode character '\\u2192' in position 0: character maps to <undefined>"}}
{"timestamp": "2025-11-13T03:46:07.244282Z", "level": "INFO", "message": "Git pull succeeded", "server": "code2", "metadata": {"attempt": 1, "duration_ms": 536.4894866943359}}
{"timestamp": "2025-11-13T03:46:07.257745Z", "level": "ERROR", "message": "Error processing message msg_1763003666_9628", "server": "code2", "metadata": {"error": "'charmap' codec can't encode character '\\u2192' in position 0: character maps to <undefined>"}}
{"timestamp": "2025-11-13T03:46:07.257956Z", "level": "ERROR", "message": "Error processing message msg_1763003612_9694", "server": "code2", "metadata": {"error": "'charmap' codec can't encode character '\\u2192' in position 0: character maps to <undefined>"}}
{"timestamp": "2025-11-13T03:46:17.812369Z", "level": "INFO", "message": "Git pull succeeded", "server": "code2", "metadata": {"attempt": 1, "duration_ms": 549.3218898773193}}
{"timestamp": "2025-11-13T03:46:17.827174Z", "level": "ERROR", "message": "Error processing message msg_1763003666_9628", "server": "code2", "metadata": {"error": "'charmap' codec can't encode character '\\u2192' in position 0: character maps to <undefined>"}}
{"timestamp": "2025-11-13T03:46:17.827418Z", "level": "ERROR", "message": "Error processing message msg_1763003612_9694", "server": "code2", "metadata": {"error": "'charmap' codec can't encode character '\\u2192' in position 0: character maps to <undefined>"}}
{"timestamp": "2025-11-13T03:46:28.355787Z", "level": "INFO", "message": "Git pull succeeded", "server": "code2", "metadata": {"attempt": 1, "duration_ms": 524.285078048706}}
{"timestamp": "2025-11-13T03:46:28.370884Z", "level": "ERROR", "message": "Error processing message msg_1763003666_9628", "server": "code2", "metadata": {"error": "'charmap' codec can't encode character '\\u2192' in position 0: character maps to <undefined>"}}
{"timestamp": "2025-11-13T03:46:28.371221Z", "level": "ERROR", "message": "Error processing message msg_1763003612_9694", "server": "code2", "metadata": {"error": "'charmap' codec can't encode character '\\u2192' in position 0: character maps to <undefined>"}}
{"timestamp": "2025-11-13T03:46:38.913382Z", "level": "INFO", "message": "Git pull succeeded", "server": "code2", "metadata": {"attempt": 1, "duration_ms": 528.6428928375244}}
{"timestamp": "2025-11-13T03:46:38.929607Z", "level": "ERROR", "message": "Error processing message msg_1763003666_9628", "server": "code2", "metadata": {"error": "'charmap' codec can't encode character '\\u2192' in position 0: character maps to <undefined>"}}
{"timestamp": "2025-11-13T03:46:38.929823Z", "level": "ERROR", "message": "Error processing message msg_1763003612_9694", "server": "code2", "metadata": {"error": "'charmap' codec can't encode character '\\u2192' in position 0: character maps to <undefined>"}}
{"timestamp": "2025-11-13T03:46:49.476591Z", "level": "INFO", "message": "Git pull succeeded", "server": "code2", "metadata": {"attempt": 1, "duration_ms": 533.7414741516113}}
{"timestamp": "2025-11-13T03:46:49.490121Z", "level": "ERROR", "message": "Error processing message msg_1763003666_9628", "server": "code2", "metadata": {"error": "'charmap' codec can't encode character '\\u2192' in position 0: character maps to <undefined>"}}
{"timestamp": "2025-11-13T03:46:49.490486Z", "level": "ERROR", "message": "Error processing message msg_1763003612_9694", "server": "code2", "metadata": {"error": "'charmap' codec can't encode character '\\u2192' in position 0: character maps to <undefined>"}}
{"timestamp": "2025-11-13T03:47:00.154397Z", "level": "INFO", "message": "Git pull succeeded", "server": "code2", "metadata": {"attempt": 1, "duration_ms": 637.8426551818848}}
{"timestamp": "2025-11-13T03:47:00.168901Z", "level": "ERROR", "message": "Error processing message msg_1763003666_9628", "server": "code2", "metadata": {"error": "'charmap' codec can't encode character '\\u2192' in position 0: character maps to <undefined>"}}
{"timestamp": "2025-11-13T03:47:00.169133Z", "level": "ERROR", "message": "Error processing message msg_1763003612_9694", "server": "code2", "metadata": {"error": "'charmap' codec can't encode character '\\u2192' in position 0: character maps to <undefined>"}}
{"timestamp": "2025-11-13T03:47:10.735223Z", "level": "INFO", "message": "Git pull succeeded", "server": "code2", "metadata": {"attempt": 1, "duration_ms": 551.063060760498}}
{"timestamp": "2025-11-13T03:47:10.752446Z", "level": "ERROR", "message": "Error processing message msg_1763003666_9628", "server": "code2", "metadata": {"error": "'charmap' codec can't encode character '\\u2192' in position 0: character maps to <undefined>"}}
{"timestamp": "2025-11-13T03:47:10.752781Z", "level": "ERROR", "message": "Error processing message msg_1763003612_9694", "server": "code2", "metadata": {"error": "'charmap' codec can't encode character '\\u2192' in position 0: character maps to <undefined>"}}
{"timestamp": "2025-11-13T03:47:21.311422Z", "level": "INFO", "message": "Git pull succeeded", "server": "code2", "metadata": {"attempt": 1, "duration_ms": 551.654577255249}}
{"timestamp": "2025-11-13T03:47:21.326843Z", "level": "ERROR", "message": "Error processing message msg_1763003666_9628", "server": "code2", "metadata": {"error": "'charmap' codec can't encode character '\\u2192' in position 0: character maps to <undefined>"}}
{"timestamp": "2025-11-13T03:47:21.327227Z", "level": "ERROR", "message": "Error processing message msg_1763003612_9694", "server": "code2", "metadata": {"error": "'charmap' codec can't encode character '\\u2192' in position 0: character maps to <undefined>"}}
{"timestamp": "2025-11-13T03:47:31.853548Z", "level": "INFO", "message": "Git pull succeeded", "server": "code2", "metadata": {"attempt": 1, "duration_ms": 510.84136962890625}}
{"timestamp": "2025-11-13T03:47:31.869161Z", "level": "ERROR", "message": "Error processing message msg_1763003666_9628", "server": "code2", "metadata": {"error": "'charmap' codec can't encode character '\\u2192' in position 0: character maps to <undefined>"}}
{"timestamp": "2025-11-13T03:47:31.869381Z", "level": "ERROR", "message": "Error processing message msg_1763003612_9694", "server": "code2", "metadata": {"error": "'charmap' codec can't encode character '\\u2192' in position 0: character maps to <undefined>"}}
{"timestamp": "2025-11-13T03:47:42.388722Z", "level": "INFO", "message": "Git pull succeeded", "server": "code2", "metadata": {"attempt": 1, "duration_ms": 510.00118255615234}}
{"timestamp": "2025-11-13T03:47:42.405341Z", "level": "ERROR", "message": "Error processing message msg_1763003666_9628", "server": "code2", "metadata": {"error": "'charmap' codec can't encode character '\\u2192' in position 0: character maps to <undefined>"}}
{"timestamp": "2025-11-13T03:47:42.405592Z", "level": "ERROR", "message": "Error processing message msg_1763003612_9694", "server": "code2", "metadata": {"error": "'charmap' codec can't encode character '\\u2192' in position 0: character maps to <undefined>"}}
{"timestamp": "2025-11-13T03:47:52.978560Z", "level": "INFO", "message": "Git pull succeeded", "server": "code2", "metadata": {"attempt": 1, "duration_ms": 517.0257091522217}}
{"timestamp": "2025-11-13T03:47:52.995106Z", "level": "ERROR", "message": "Error processing message msg_1763003666_9628", "server": "code2", "metadata": {"error": "'charmap' codec can't encode character '\\u2192' in position 0: character maps to <undefined>"}}
{"timestamp": "2025-11-13T03:47:52.995365Z", "level": "ERROR", "message": "Error processing message msg_1763003612_9694", "server": "code2", "metadata": {"error": "'charmap' codec can't encode character '\\u2192' in position 0: character maps to <undefined>"}}
{"timestamp": "2025-11-13T03:48:03.650982Z", "level": "INFO", "message": "Git pull succeeded", "server": "code2", "metadata": {"attempt": 1, "duration_ms": 610.161542892456}}
{"timestamp": "2025-11-13T03:48:03.666439Z", "level": "ERROR", "message": "Error processing message msg_1763003666_9628", "server": "code2", "metadata": {"error": "'charmap' codec can't encode character '\\u2192' in position 0: character maps to <undefined>"}}
{"timestamp": "2025-11-13T03:48:03.666730Z", "level": "ERROR", "message": "Error processing message msg_1763003612_9694", "server": "code2", "metadata": {"error": "'charmap' codec can't encode character '\\u2192' in position 0: character maps to <undefined>"}}
{"timestamp": "2025-11-13T03:48:14.197181Z", "level": "INFO", "message": "Git pull succeeded", "server": "code2", "metadata": {"attempt": 1, "duration_ms": 526.8652439117432}}
{"timestamp": "2025-11-13T03:48:14.211268Z", "level": "ERROR", "message": "Error processing message msg_1763003666_9628", "server": "code2", "metadata": {"error": "'charmap' codec can't encode character '\\u2192' in position 0: character maps to <undefined>"}}
{"timestamp": "2025-11-13T03:48:14.211507Z", "level": "ERROR", "message": "Error processing message msg_1763003612_9694", "server": "code2", "metadata": {"error": "'charmap' codec can't encode character '\\u2192' in position 0: character maps to <undefined>"}}
{"timestamp": "2025-11-13T03:48:24.918375Z", "level": "INFO", "message": "Git pull succeeded", "server": "code2", "metadata": {"attempt": 1, "duration_ms": 702.1396160125732}}
{"timestamp": "2025-11-13T03:48:24.933712Z", "level": "ERROR", "message": "Error processing message msg_1763003666_9628", "server": "code2", "metadata": {"error": "'charmap' codec can't encode character '\\u2192' in position 0: character maps to <undefined>"}}
{"timestamp": "2025-11-13T03:48:24.934127Z", "level": "ERROR", "message": "Error processing message msg_1763003612_9694", "server": "code2", "metadata": {"error": "'charmap' codec can't encode character '\\u2192' in position 0: character maps to <undefined>"}}
{"timestamp": "2025-11-13T03:48:35.482167Z", "level": "INFO", "message": "Git pull succeeded", "server": "code2", "metadata": {"attempt": 1, "duration_ms": 543.9145565032959}}
{"timestamp": "2025-11-13T03:48:35.499378Z", "level": "ERROR", "message": "Error processing message msg_1763003666_9628", "server": "code2", "metadata": {"error": "'charmap' codec can't encode character '\\u2192' in position 0: character maps to <undefined>"}}
{"timestamp": "2025-11-13T03:48:35.499773Z", "level": "ERROR", "message": "Error processing message msg_1763003612_9694", "server": "code2", "metadata": {"error": "'charmap' codec can't encode character '\\u2192' in position 0: character maps to <undefined>"}}
{"timestamp": "2025-11-13T03:48:46.059206Z", "level": "INFO", "message": "Git pull succeeded", "server": "code2", "metadata": {"attempt": 1, "duration_ms": 555.64284324646}}
{"timestamp": "2025-11-13T03:48:46.077439Z", "level": "ERROR", "message": "Error processing message msg_1763003666_9628", "server": "code2", "metadata": {"error": "'charmap' codec can't encode character '\\u2192' in position 0: character maps to <undefined>"}}
{"timestamp": "2025-11-13T03:48:46.077864Z", "level": "ERROR", "message": "Error processing message msg_1763003612_9694", "server": "code2", "metadata": {"error": "'charmap' codec can't encode character '\\u2192' in position 0: character maps to <undefined>"}}
{"timestamp": "2025-11-13T03:48:56.633533Z", "level": "INFO", "message": "Git pull succeeded", "server": "code2", "metadata": {"attempt": 1, "duration_ms": 539.3452644348145}}
{"timestamp": "2025-11-13T03:48:56.650884Z", "level": "ERROR", "message": "Error processing message msg_1763003666_9628", "server": "code2", "metadata": {"error": "'charmap' codec can't encode character '\\u2192' in position 0: character maps to <undefined>"}}
{"timestamp": "2025-11-13T03:48:56.651103Z", "level": "ERROR", "message": "Error processing message msg_1763003612_9694", "server": "code2", "metadata": {"error": "'charmap' codec can't encode character '\\u2192' in position 0: character maps to <undefined>"}}
{"timestamp": "2025-11-13T03:49:07.208425Z", "level": "INFO", "message": "Git pull succeeded", "server": "code2", "metadata": {"attempt": 1, "duration_ms": 544.3325042724609}}
{"timestamp": "2025-11-13T03:49:07.223197Z", "level": "ERROR", "message": "Error processing message msg_1763003666_9628", "server": "code2", "metadata": {"error": "'charmap' codec can't encode character '\\u2192' in position 0: character maps to <undefined>"}}
{"timestamp": "2025-11-13T03:49:07.223403Z", "level": "ERROR", "message": "Error processing message msg_1763003612_9694", "server": "code2", "metadata": {"error": "'charmap' codec can't encode character '\\u2192' in position 0: character maps to <undefined>"}}
{"timestamp": "2025-11-13T03:49:17.773584Z", "level": "INFO", "message": "Git pull succeeded", "server": "code2", "metadata": {"attempt": 1, "duration_ms": 546.0653305053711}}
{"timestamp": "2025-11-13T03:49:17.789538Z", "level": "ERROR", "message": "Error processing message msg_1763003666_9628", "server": "code2", "metadata": {"error": "'charmap' codec can't encode character '\\u2192' in position 0: character maps to <undefined>"}}
{"timestamp": "2025-11-13T03:49:17.789822Z", "level": "ERROR", "message": "Error processing message msg_1763003612_9694", "server": "code2", "metadata": {"error": "'charmap' codec can't encode character '\\u2192' in position 0: character maps to <undefined>"}}
{"timestamp": "2025-11-13T03:49:28.320800Z", "level": "INFO", "message": "Git pull succeeded", "server": "code2", "metadata": {"attempt": 1, "duration_ms": 525.5324840545654}}
{"timestamp": "2025-11-13T03:49:28.336247Z", "level": "ERROR", "message": "Error processing message msg_1763003666_9628", "server": "code2", "metadata": {"error": "'charmap' codec can't encode character '\\u2192' in position 0: character maps to <undefined>"}}
{"timestamp": "2025-11-13T03:49:28.336564Z", "level": "ERROR", "message": "Error processing message msg_1763003612_9694", "server": "code2", "metadata": {"error": "'charmap' codec can't encode character '\\u2192' in position 0: character maps to <undefined>"}}
{"timestamp": "2025-11-13T03:49:38.910239Z", "level": "INFO", "message": "Git pull succeeded", "server": "code2", "metadata": {"attempt": 1, "duration_ms": 516.6499614715576}}
{"timestamp": "2025-11-13T03:49:38.924693Z", "level": "ERROR", "message": "Error processing message msg_1763003666_9628", "server": "code2", "metadata": {"error": "'charmap' codec can't encode character '\\u2192' in position 0: character maps to <undefined>"}}
{"timestamp": "2025-11-13T03:49:38.924983Z", "level": "ERROR", "message": "Error processing message msg_1763003612_9694", "server": "code2", "metadata": {"error": "'charmap' codec can't encode character '\\u2192' in position 0: character maps to <undefined>"}}
{"timestamp": "2025-11-13T03:49:49.486791Z", "level": "INFO", "message": "Git pull succeeded", "server": "code2", "metadata": {"attempt": 1, "duration_ms": 557.6188564300537}}
{"timestamp": "2025-11-13T03:49:49.505895Z", "level": "ERROR", "message": "Error processing message msg_1763003666_9628", "server": "code2", "metadata": {"error": "'charmap' codec can't encode character '\\u2192' in position 0: character maps to <undefined>"}}
{"timestamp": "2025-11-13T03:49:49.506307Z", "level": "ERROR", "message": "Error processing message msg_1763003612_9694", "server": "code2", "metadata": {"error": "'charmap' codec can't encode character '\\u2192' in position 0: character maps to <undefined>"}}
{"timestamp": "2025-11-13T03:50:00.042330Z", "level": "INFO", "message": "Git pull succeeded", "server": "code2", "metadata": {"attempt": 1, "duration_ms": 531.7442417144775}}
{"timestamp": "2025-11-13T03:50:00.060057Z", "level": "ERROR", "message": "Error processing message msg_1763003666_9628", "server": "code2", "metadata": {"error": "'charmap' codec can't encode character '\\u2192' in position 0: character maps to <undefined>"}}
{"timestamp": "2025-11-13T03:50:00.060445Z", "level": "ERROR", "message": "Error processing message msg_1763003612_9694", "server": "code2", "metadata": {"error": "'charmap' codec can't encode character '\\u2192' in position 0: character maps to <undefined>"}}
{"timestamp": "2025-11-13T03:50:10.686760Z", "level": "INFO", "message": "Git pull succeeded", "server": "code2", "metadata": {"attempt": 1, "duration_ms": 621.4497089385986}}
{"timestamp": "2025-11-13T03:50:10.705957Z", "level": "ERROR", "message": "Error processing message msg_1763003666_9628", "server": "code2", "metadata": {"error": "'charmap' codec can't encode character '\\u2192' in position 0: character maps to <undefined>"}}
{"timestamp": "2025-11-13T03:50:10.706188Z", "level": "ERROR", "message": "Error processing message msg_1763003612_9694", "server": "code2", "metadata": {"error": "'charmap' codec can't encode character '\\u2192' in position 0: character maps to <undefined>"}}
{"timestamp": "2025-11-13T03:50:21.315542Z", "level": "INFO", "message": "Git pull succeeded", "server": "code2", "metadata": {"attempt": 1, "duration_ms": 605.0882339477539}}
{"timestamp": "2025-11-13T03:50:21.332458Z", "level": "ERROR", "message": "Error processing message msg_1763003666_9628", "server": "code2", "metadata": {"error": "'charmap' codec can't encode character '\\u2192' in position 0: character maps to <undefined>"}}
{"timestamp": "2025-11-13T03:50:21.332716Z", "level": "ERROR", "message": "Error processing message msg_1763003612_9694", "server": "code2", "metadata": {"error": "'charmap' codec can't encode character '\\u2192' in position 0: character maps to <undefined>"}}
{"timestamp": "2025-11-13T03:50:31.906591Z", "level": "INFO", "message": "Git pull succeeded", "server": "code2", "metadata": {"attempt": 1, "duration_ms": 558.7565898895264}}
{"timestamp": "2025-11-13T03:50:31.921844Z", "level": "ERROR", "message": "Error processing message msg_1763003666_9628", "server": "code2", "metadata": {"error": "'charmap' codec can't encode character '\\u2192' in position 0: character maps to <undefined>"}}
{"timestamp": "2025-11-13T03:50:31.922072Z", "level": "ERROR", "message": "Error processing message msg_1763003612_9694", "server": "code2", "metadata": {"error": "'charmap' codec can't encode character '\\u2192' in position 0: character maps to <undefined>"}}
{"timestamp": "2025-11-13T03:50:42.451618Z", "level": "INFO", "message": "Git pull succeeded", "server": "code2", "metadata": {"attempt": 1, "duration_ms": 516.3693428039551}}
{"timestamp": "2025-11-13T03:50:42.467394Z", "level": "ERROR", "message": "Error processing message msg_1763003666_9628", "server": "code2", "metadata": {"error": "'charmap' codec can't encode character '\\u2192' in position 0: character maps to <undefined>"}}
{"timestamp": "2025-11-13T03:50:42.467612Z", "level": "ERROR", "message": "Error processing message msg_1763003612_9694", "server": "code2", "metadata": {"error": "'charmap' codec can't encode character '\\u2192' in position 0: character maps to <undefined>"}}
{"timestamp": "2025-11-13T03:50:52.998830Z", "level": "INFO", "message": "Git pull succeeded", "server": "code2", "metadata": {"attempt": 1, "duration_ms": 527.3449420928955}}
{"timestamp": "2025-11-13T03:50:53.017230Z", "level": "ERROR", "message": "Error processing message msg_1763003666_9628", "server": "code2", "metadata": {"error": "'charmap' codec can't encode character '\\u2192' in position 0: character maps to <undefined>"}}
{"timestamp": "2025-11-13T03:50:53.017473Z", "level": "ERROR", "message": "Error processing message msg_1763003612_9694", "server": "code2", "metadata": {"error": "'charmap' codec can't encode character '\\u2192' in position 0: character maps to <undefined>"}}
{"timestamp": "2025-11-13T03:51:03.545594Z", "level": "INFO", "message": "Git pull succeeded", "server": "code2", "metadata": {"attempt": 1, "duration_ms": 523.6315727233887}}
{"timestamp": "2025-11-13T03:51:03.561886Z", "level": "ERROR", "message": "Error processing message msg_1763003666_9628", "server": "code2", "metadata": {"error": "'charmap' codec can't encode character '\\u2192' in position 0: character maps to <undefined>"}}
{"timestamp": "2025-11-13T03:51:03.562143Z", "level": "ERROR", "message": "Error processing message msg_1763003612_9694", "server": "code2", "metadata": {"error": "'charmap' codec can't encode character '\\u2192' in position 0: character maps to <undefined>"}}
{"timestamp": "2025-11-13T03:51:14.136287Z", "level": "INFO", "message": "Git pull succeeded", "server": "code2", "metadata": {"attempt": 1, "duration_ms": 569.6394443511963}}
{"timestamp": "2025-11-13T03:51:14.152775Z", "level": "ERROR", "message": "Error processing message msg_1763003666_9628", "server": "code2", "metadata": {"error": "'charmap' codec can't encode character '\\u2192' in position 0: character maps to <undefined>"}}
{"timestamp": "2025-11-13T03:51:14.152994Z", "level": "ERROR", "message": "Error processing message msg_1763003612_9694", "server": "code2", "metadata": {"error": "'charmap' codec can't encode character '\\u2192' in position 0: character maps to <undefined>"}}
{"timestamp": "2025-11-13T03:51:24.797629Z", "level": "INFO", "message": "Git pull succeeded", "server": "code2", "metadata": {"attempt": 1, "duration_ms": 545.8824634552002}}
{"timestamp": "2025-11-13T03:51:24.814499Z", "level": "ERROR", "message": "Error processing message msg_1763003666_9628", "server": "code2", "metadata": {"error": "'charmap' codec can't encode character '\\u2192' in position 0: character maps to <undefined>"}}
{"timestamp": "2025-11-13T03:51:24.814716Z", "level": "ERROR", "message": "Error processing message msg_1763003612_9694", "server": "code2", "metadata": {"error": "'charmap' codec can't encode character '\\u2192' in position 0: character maps to <undefined>"}}
{"timestamp": "2025-11-13T03:51:35.343955Z", "level": "INFO", "message": "Git pull succeeded", "server": "code2", "metadata": {"attempt": 1, "duration_ms": 524.8637199401855}}
{"timestamp": "2025-11-13T03:51:35.361483Z", "level": "ERROR", "message": "Error processing message msg_1763003666_9628", "server": "code2", "metadata": {"error": "'charmap' codec can't encode character '\\u2192' in position 0: character maps to <undefined>"}}
{"timestamp": "2025-11-13T03:51:35.361848Z", "level": "ERROR", "message": "Error processing message msg_1763003612_9694", "server": "code2", "metadata": {"error": "'charmap' codec can't encode character '\\u2192' in position 0: character maps to <undefined>"}}
{"timestamp": "2025-11-13T03:51:45.918594Z", "level": "INFO", "message": "Git pull succeeded", "server": "code2", "metadata": {"attempt": 1, "duration_ms": 552.0033836364746}}
{"timestamp": "2025-11-13T03:51:45.934180Z", "level": "ERROR", "message": "Error processing message msg_1763003666_9628", "server": "code2", "metadata": {"error": "'charmap' codec can't encode character '\\u2192' in position 0: character maps to <undefined>"}}
{"timestamp": "2025-11-13T03:51:45.934435Z", "level": "ERROR", "message": "Error processing message msg_1763003612_9694", "server": "code2", "metadata": {"error": "'charmap' codec can't encode character '\\u2192' in position 0: character maps to <undefined>"}}
{"timestamp": "2025-11-13T03:51:56.463666Z", "level": "INFO", "message": "Git pull succeeded", "server": "code2", "metadata": {"attempt": 1, "duration_ms": 524.6717929840088}}
{"timestamp": "2025-11-13T03:51:56.483747Z", "level": "ERROR", "message": "Error processing message msg_1763003666_9628", "server": "code2", "metadata": {"error": "'charmap' codec can't encode character '\\u2192' in position 0: character maps to <undefined>"}}
{"timestamp": "2025-11-13T03:51:56.483976Z", "level": "ERROR", "message": "Error processing message msg_1763003612_9694", "server": "code2", "metadata": {"error": "'charmap' codec can't encode character '\\u2192' in position 0: character maps to <undefined>"}}
{"timestamp": "2025-11-13T03:52:07.044668Z", "level": "INFO", "message": "Git pull succeeded", "server": "code2", "metadata": {"attempt": 1, "duration_ms": 555.9298992156982}}
{"timestamp": "2025-11-13T03:52:07.064627Z", "level": "ERROR", "message": "Error processing message msg_1763003666_9628", "server": "code2", "metadata": {"error": "'charmap' codec can't encode character '\\u2192' in position 0: character maps to <undefined>"}}
{"timestamp": "2025-11-13T03:52:07.064845Z", "level": "ERROR", "message": "Error processing message msg_1763003612_9694", "server": "code2", "metadata": {"error": "'charmap' codec can't encode character '\\u2192' in position 0: character maps to <undefined>"}}
{"timestamp": "2025-11-13T03:52:17.624404Z", "level": "INFO", "message": "Git pull succeeded", "server": "code2", "metadata": {"attempt": 1, "duration_ms": 545.1679229736328}}
{"timestamp": "2025-11-13T03:52:17.642589Z", "level": "ERROR", "message": "Error processing message msg_1763003666_9628", "server": "code2", "metadata": {"error": "'charmap' codec can't encode character '\\u2192' in position 0: character maps to <undefined>"}}
{"timestamp": "2025-11-13T03:52:17.643154Z", "level": "ERROR", "message": "Error processing message msg_1763003612_9694", "server": "code2", "metadata": {"error": "'charmap' codec can't encode character '\\u2192' in position 0: character maps to <undefined>"}}
{"timestamp": "2025-11-13T03:52:28.190367Z", "level": "INFO", "message": "Git pull succeeded", "server": "code2", "metadata": {"attempt": 1, "duration_ms": 537.4014377593994}}
{"timestamp": "2025-11-13T03:52:28.204526Z", "level": "ERROR", "message": "Error processing message msg_1763003666_9628", "server": "code2", "metadata": {"error": "'charmap' codec can't encode character '\\u2192' in position 0: character maps to <undefined>"}}
{"timestamp": "2025-11-13T03:52:28.204775Z", "level": "ERROR", "message": "Error processing message msg_1763003612_9694", "server": "code2", "metadata": {"error": "'charmap' codec can't encode character '\\u2192' in position 0: character maps to <undefined>"}}
{"timestamp": "2025-11-13T03:52:38.754378Z", "level": "INFO", "message": "Git pull succeeded", "server": "code2", "metadata": {"attempt": 1, "duration_ms": 545.3026294708252}}
{"timestamp": "2025-11-13T03:52:38.770539Z", "level": "ERROR", "message": "Error processing message msg_1763003666_9628", "server": "code2", "metadata": {"error": "'charmap' codec can't encode character '\\u2192' in position 0: character maps to <undefined>"}}
{"timestamp": "2025-11-13T03:52:38.770790Z", "level": "ERROR", "message": "Error processing message msg_1763003612_9694", "server": "code2", "metadata": {"error": "'charmap' codec can't encode character '\\u2192' in position 0: character maps to <undefined>"}}
{"timestamp": "2025-11-13T03:52:49.422395Z", "level": "INFO", "message": "Git pull succeeded", "server": "code2", "metadata": {"attempt": 1, "duration_ms": 645.3635692596436}}
{"timestamp": "2025-11-13T03:52:49.437852Z", "level": "ERROR", "message": "Error processing message msg_1763003666_9628", "server": "code2", "metadata": {"error": "'charmap' codec can't encode character '\\u2192' in position 0: character maps to <undefined>"}}
{"timestamp": "2025-11-13T03:52:49.438071Z", "level": "ERROR", "message": "Error processing message msg_1763003612_9694", "server": "code2", "metadata": {"error": "'charmap' codec can't encode character '\\u2192' in position 0: character maps to <undefined>"}}
{"timestamp": "2025-11-13T03:52:59.991668Z", "level": "INFO", "message": "Git pull succeeded", "server": "code2", "metadata": {"attempt": 1, "duration_ms": 538.928747177124}}
{"timestamp": "2025-11-13T03:53:00.012622Z", "level": "ERROR", "message": "Error processing message msg_1763003666_9628", "server": "code2", "metadata": {"error": "'charmap' codec can't encode character '\\u2192' in position 0: character maps to <undefined>"}}
{"timestamp": "2025-11-13T03:53:00.013027Z", "level": "ERROR", "message": "Error processing message msg_1763003612_9694", "server": "code2", "metadata": {"error": "'charmap' codec can't encode character '\\u2192' in position 0: character maps to <undefined>"}}
{"timestamp": "2025-11-13T03:53:10.640460Z", "level": "INFO", "message": "Git pull succeeded", "server": "code2", "metadata": {"attempt": 1, "duration_ms": 566.0042762756348}}
{"timestamp": "2025-11-13T03:53:10.660212Z", "level": "ERROR", "message": "Error processing message msg_1763003666_9628", "server": "code2", "metadata": {"error": "'charmap' codec can't encode character '\\u2192' in position 0: character maps to <undefined>"}}
{"timestamp": "2025-11-13T03:53:10.660573Z", "level": "ERROR", "message": "Error processing message msg_1763003612_9694", "server": "code2", "metadata": {"error": "'charmap' codec can't encode character '\\u2192' in position 0: character maps to <undefined>"}}
{"timestamp": "2025-11-13T03:53:21.233634Z", "level": "INFO", "message": "Git pull succeeded", "server": "code2", "metadata": {"attempt": 1, "duration_ms": 566.474437713623}}
{"timestamp": "2025-11-13T03:53:21.250230Z", "level": "ERROR", "message": "Error processing message msg_1763003666_9628", "server": "code2", "metadata": {"error": "'charmap' codec can't encode character '\\u2192' in position 0: character maps to <undefined>"}}
{"timestamp": "2025-11-13T03:53:21.250455Z", "level": "ERROR", "message": "Error processing message msg_1763003612_9694", "server": "code2", "metadata": {"error": "'charmap' codec can't encode character '\\u2192' in position 0: character maps to <undefined>"}}
{"timestamp": "2025-11-13T03:53:31.779970Z", "level": "INFO", "message": "Git pull succeeded", "server": "code2", "metadata": {"attempt": 1, "duration_ms": 524.6944427490234}}
{"timestamp": "2025-11-13T03:53:31.795024Z", "level": "ERROR", "message": "Error processing message msg_1763003666_9628", "server": "code2", "metadata": {"error": "'charmap' codec can't encode character '\\u2192' in position 0: character maps to <undefined>"}}
{"timestamp": "2025-11-13T03:53:31.795258Z", "level": "ERROR", "message": "Error processing message msg_1763003612_9694", "server": "code2", "metadata": {"error": "'charmap' codec can't encode character '\\u2192' in position 0: character maps to <undefined>"}}
{"timestamp": "2025-11-13T03:53:42.363194Z", "level": "INFO", "message": "Git pull succeeded", "server": "code2", "metadata": {"attempt": 1, "duration_ms": 551.3346195220947}}
{"timestamp": "2025-11-13T03:53:42.380307Z", "level": "ERROR", "message": "Error processing message msg_1763003666_9628", "server": "code2", "metadata": {"error": "'charmap' codec can't encode character '\\u2192' in position 0: character maps to <undefined>"}}
{"timestamp": "2025-11-13T03:53:42.380748Z", "level": "ERROR", "message": "Error processing message msg_1763003612_9694", "server": "code2", "metadata": {"error": "'charmap' codec can't encode character '\\u2192' in position 0: character maps to <undefined>"}}
{"timestamp": "2025-11-13T03:53:52.903442Z", "level": "INFO", "message": "Git pull succeeded", "server": "code2", "metadata": {"attempt": 1, "duration_ms": 518.6197757720947}}
{"timestamp": "2025-11-13T03:53:52.919358Z", "level": "ERROR", "message": "Error processing message msg_1763003666_9628", "server": "code2", "metadata": {"error": "'charmap' codec can't encode character '\\u2192' in position 0: character maps to <undefined>"}}
{"timestamp": "2025-11-13T03:53:52.919588Z", "level": "ERROR", "message": "Error processing message msg_1763003612_9694", "server": "code2", "metadata": {"error": "'charmap' codec can't encode character '\\u2192' in position 0: character maps to <undefined>"}}
{"timestamp": "2025-11-13T03:54:03.466620Z", "level": "INFO", "message": "Git pull succeeded", "server": "code2", "metadata": {"attempt": 1, "duration_ms": 542.3803329467773}}
{"timestamp": "2025-11-13T03:54:03.489746Z", "level": "ERROR", "message": "Error processing message msg_1763003666_9628", "server": "code2", "metadata": {"error": "'charmap' codec can't encode character '\\u2192' in position 0: character maps to <undefined>"}}
{"timestamp": "2025-11-13T03:54:03.490019Z", "level": "ERROR", "message": "Error processing message msg_1763003612_9694", "server": "code2", "metadata": {"error": "'charmap' codec can't encode character '\\u2192' in position 0: character maps to <undefined>"}}
{"timestamp": "2025-11-13T03:54:14.019289Z", "level": "INFO", "message": "Git pull succeeded", "server": "code2", "metadata": {"attempt": 1, "duration_ms": 525.5417823791504}}
{"timestamp": "2025-11-13T03:54:14.038540Z", "level": "ERROR", "message": "Error processing message msg_1763003666_9628", "server": "code2", "metadata": {"error": "'charmap' codec can't encode character '\\u2192' in position 0: character maps to <undefined>"}}
{"timestamp": "2025-11-13T03:54:14.038746Z", "level": "ERROR", "message": "Error processing message msg_1763003612_9694", "server": "code2", "metadata": {"error": "'charmap' codec can't encode character '\\u2192' in position 0: character maps to <undefined>"}}
{"timestamp": "2025-11-13T03:54:24.585038Z", "level": "INFO", "message": "Git pull succeeded", "server": "code2", "metadata": {"attempt": 1, "duration_ms": 542.8011417388916}}
{"timestamp": "2025-11-13T03:54:24.601526Z", "level": "ERROR", "message": "Error processing message msg_1763003666_9628", "server": "code2", "metadata": {"error": "'charmap' codec can't encode character '\\u2192' in position 0: character maps to <undefined>"}}
{"timestamp": "2025-11-13T03:54:24.601781Z", "level": "ERROR", "message": "Error processing message msg_1763003612_9694", "server": "code2", "metadata": {"error": "'charmap' codec can't encode character '\\u2192' in position 0: character maps to <undefined>"}}
